<?xml version="1.0" encoding="UTF-8"?>
<!-- Generated by org.testng.reporters.JUnitReportReporter -->
<testsuite hostname="DESKTOP-0MDKGSP" failures="0" tests="1" name="test.LoginTest" time="5.804" errors="0" timestamp="2021-11-22T16:40:20 CST" skipped="0">
  <testcase classname="test.LoginTest" name="verifieUserShouldBeAbleToLogin" time="5.804"/>
  <system-out/>
</testsuite> <!-- test.LoginTest -->
