<?xml version="1.0" encoding="UTF-8"?>
<!-- Generated by org.testng.reporters.JUnitReportReporter -->
<testsuite hostname="DESKTOP-0MDKGSP" failures="0" tests="1" name="test.AddContact" time="6.928" errors="0" timestamp="2021-11-22T17:20:11 CST" skipped="0">
  <testcase classname="test.AddContact" name="validCustomerShouldBeAbleToAddCustomer" time="6.928"/>
  <system-out/>
</testsuite> <!-- test.AddContact -->
